# JRE version: Java(TM) SE Runtime Environment (15.0.2+7) (build 15.0.2+7-27)
# Java VM: Java HotSpot(TM) 64-Bit Server VM (15.0.2+7-27, mixed mode, sharing, tiered, compressed oops, g1 gc, windows-amd64)
GC Precious Log:
 CPUs: 2 total, 2 available
 Memory: 2812M
 Large Page Support: Disabled
 NUMA Support: Disabled
 Compressed Oops: Enabled (32-bit)
 Heap Region Size: 1M
 Heap Min Capacity: 256M
 Heap Initial Capacity: 256M
 Heap Max Capacity: 512M
 Pre-touch: Disabled
 Parallel Workers: 2
 Concurrent Workers: 1
 Concurrent Refinement Workers: 2
 Periodic GC: Disabled
Heap:
 garbage-first heap   total 262144K, used 67055K [0x00000000e0000000, 0x0000000100000000)
  region size 1024K, 57 young (58368K), 4 survivors (4096K)
 Metaspace       used 16933K, capacity 17397K, committed 17664K, reserved 270336K
  class space    used 2336K, capacity 2495K, committed 2560K, reserved 253952K
GC Heap History (8 events):
Event: 3.433 GC heap before
{Heap before GC invocations=0 (full 0):
 garbage-first heap   total 262144K, used 17408K [0x00000000e0000000, 0x0000000100000000)
  region size 1024K, 12 young (12288K), 0 survivors (0K)
 Metaspace       used 1608K, capacity 5145K, committed 5376K, reserved 262144K
  class space    used 154K, capacity 499K, committed 512K, reserved 253952K
}
Event: 3.441 GC heap after
{Heap after GC invocations=1 (full 0):
 garbage-first heap   total 262144K, used 7703K [0x00000000e0000000, 0x0000000100000000)
  region size 1024K, 2 young (2048K), 2 survivors (2048K)
 Metaspace       used 1608K, capacity 5145K, committed 5376K, reserved 262144K
  class space    used 154K, capacity 499K, committed 512K, reserved 253952K
}
Event: 7.056 GC heap before
{Heap before GC invocations=1 (full 0):
 garbage-first heap   total 262144K, used 17943K [0x00000000e0000000, 0x0000000100000000)
  region size 1024K, 12 young (12288K), 2 survivors (2048K)
 Metaspace       used 3911K, capacity 6545K, committed 6656K, reserved 262144K
  class space    used 487K, capacity 731K, committed 768K, reserved 253952K
}
Event: 7.063 GC heap after
{Heap after GC invocations=2 (full 0):
 garbage-first heap   total 262144K, used 8691K [0x00000000e0000000, 0x0000000100000000)
  region size 1024K, 1 young (1024K), 1 survivors (1024K)
 Metaspace       used 3911K, capacity 6545K, committed 6656K, reserved 262144K
  class space    used 487K, capacity 731K, committed 768K, reserved 253952K
}
Event: 13.546 GC heap before
{Heap before GC invocations=2 (full 0):
 garbage-first heap   total 262144K, used 20979K [0x00000000e0000000, 0x0000000100000000)
  region size 1024K, 13 young (13312K), 1 survivors (1024K)
 Metaspace       used 3986K, capacity 6545K, committed 6656K, reserved 262144K
  class space    used 487K, capacity 731K, committed 768K, reserved 253952K
}
Event: 13.551 GC heap after
{Heap after GC invocations=3 (full 0):
 garbage-first heap   total 262144K, used 8859K [0x00000000e0000000, 0x0000000100000000)
  region size 1024K, 2 young (2048K), 2 survivors (2048K)
 Metaspace       used 3986K, capacity 6545K, committed 6656K, reserved 262144K
  class space    used 487K, capacity 731K, committed 768K, reserved 253952K
}
Event: 38.161 GC heap before
{Heap before GC invocations=3 (full 0):
 garbage-first heap   total 262144K, used 31387K [0x00000000e0000000, 0x0000000100000000)
  region size 1024K, 25 young (25600K), 2 survivors (2048K)
 Metaspace       used 5501K, capacity 7521K, committed 7680K, reserved 262144K
  class space    used 732K, capacity 907K, committed 1024K, reserved 253952K
}
Event: 38.176 GC heap after
{Heap after GC invocations=4 (full 0):
 garbage-first heap   total 262144K, used 13807K [0x00000000e0000000, 0x0000000100000000)
  region size 1024K, 4 young (4096K), 4 survivors (4096K)
 Metaspace       used 5501K, capacity 7521K, committed 7680K, reserved 262144K
  class space    used 732K, capacity 907K, committed 1024K, reserved 253952K
}

